TN:
SF:src/cache.test.ts
FN:10,anonymous_0
FN:11,req
FN:20,anonymous_2
FN:28,anonymous_3
FN:39,anonymous_4
FN:55,anonymous_5
FN:66,anonymous_6
FN:76,anonymous_7
FN:84,anonymous_8
FN:104,anonymous_9
FN:124,anonymous_10
FN:140,anonymous_11
FN:144,anonymous_12
FN:145,anonymous_13
FN:158,anonymous_14
FN:174,anonymous_15
FN:177,anonymous_16
FNDA:1,anonymous_0
FNDA:14,req
FNDA:11,anonymous_2
FNDA:1,anonymous_3
FNDA:1,anonymous_4
FNDA:1,anonymous_5
FNDA:1,anonymous_6
FNDA:1,anonymous_7
FNDA:1,anonymous_8
FNDA:1,anonymous_9
FNDA:1,anonymous_10
FNDA:1,anonymous_11
FNDA:1,anonymous_12
FNDA:1,anonymous_13
FNDA:1,anonymous_14
FNDA:1,anonymous_15
FNDA:1,anonymous_16
FNF:17
FNH:17
BRDA:1,0,0,1
BRDA:10,1,0,1
BRDA:11,2,0,14
BRDA:20,3,0,11
BRDA:28,4,0,1
BRDA:39,5,0,1
BRDA:55,6,0,1
BRDA:66,7,0,1
BRDA:76,8,0,1
BRDA:84,9,0,1
BRDA:104,10,0,1
BRDA:124,11,0,1
BRDA:140,12,0,1
BRDA:144,13,0,1
BRDA:145,14,0,1
BRDA:158,15,0,1
BRDA:174,16,0,1
BRDA:177,17,0,1
BRF:18
BRH:18
DA:1,1
DA:2,1
DA:3,1
DA:4,1
DA:5,1
DA:6,1
DA:7,1
DA:8,1
DA:9,1
DA:10,1
DA:11,1
DA:12,14
DA:13,14
DA:14,14
DA:15,1
DA:16,1
DA:17,1
DA:18,1
DA:19,1
DA:20,1
DA:21,11
DA:22,11
DA:23,11
DA:24,11
DA:25,11
DA:26,1
DA:27,1
DA:28,1
DA:29,1
DA:30,1
DA:31,1
DA:32,1
DA:33,1
DA:34,1
DA:35,1
DA:36,1
DA:37,1
DA:38,1
DA:39,1
DA:40,1
DA:41,1
DA:42,1
DA:43,1
DA:44,1
DA:45,1
DA:46,1
DA:47,1
DA:48,1
DA:49,1
DA:50,1
DA:51,1
DA:52,1
DA:53,1
DA:54,1
DA:55,1
DA:56,1
DA:57,1
DA:58,1
DA:59,1
DA:60,1
DA:61,1
DA:62,1
DA:63,1
DA:64,1
DA:65,1
DA:66,1
DA:67,1
DA:68,1
DA:69,1
DA:70,1
DA:71,1
DA:72,1
DA:73,1
DA:74,1
DA:75,1
DA:76,1
DA:77,1
DA:78,1
DA:79,1
DA:80,1
DA:81,1
DA:82,1
DA:83,1
DA:84,1
DA:85,1
DA:86,1
DA:87,1
DA:88,1
DA:89,1
DA:90,1
DA:91,1
DA:92,1
DA:93,1
DA:94,1
DA:95,1
DA:96,1
DA:97,1
DA:98,1
DA:99,1
DA:100,1
DA:101,1
DA:102,1
DA:103,1
DA:104,1
DA:105,1
DA:106,1
DA:107,1
DA:108,1
DA:109,1
DA:110,1
DA:111,1
DA:112,1
DA:113,1
DA:114,1
DA:115,1
DA:116,1
DA:117,1
DA:118,1
DA:119,1
DA:120,1
DA:121,1
DA:122,1
DA:123,1
DA:124,1
DA:125,1
DA:126,1
DA:127,1
DA:128,1
DA:129,1
DA:130,1
DA:131,1
DA:132,1
DA:133,1
DA:134,1
DA:135,1
DA:136,1
DA:137,1
DA:138,1
DA:139,1
DA:140,1
DA:141,1
DA:142,1
DA:143,1
DA:144,1
DA:145,1
DA:146,1
DA:147,1
DA:148,1
DA:149,1
DA:150,1
DA:151,1
DA:152,1
DA:153,1
DA:154,1
DA:155,1
DA:156,1
DA:157,1
DA:158,1
DA:159,1
DA:160,1
DA:161,1
DA:162,1
DA:163,1
DA:164,1
DA:165,1
DA:166,1
DA:167,1
DA:168,1
DA:169,1
DA:170,1
DA:171,1
DA:172,1
DA:173,1
DA:174,1
DA:175,1
DA:176,1
DA:177,1
DA:178,1
DA:179,1
DA:180,1
DA:181,1
DA:182,1
DA:183,1
DA:184,1
DA:185,1
DA:186,1
DA:187,1
DA:188,1
DA:189,1
LH:189
LF:189
end_of_record
SF:src/cache.ts
FN:40,<instance_members_initializer>
FN:40,<static_initializer>
FN:45,Cache
FN:71,cached
FN:93,anonymous_4
FN:103,invalidate
FNDA:11,<instance_members_initializer>
FNDA:1,<static_initializer>
FNDA:11,Cache
FNDA:10,cached
FNDA:15,anonymous_4
FNDA:3,invalidate
FNF:6
FNH:6
BRDA:3,0,0,1
BRDA:40,1,0,11
BRDA:40,2,0,1
BRDA:45,3,0,11
BRDA:71,4,0,10
BRDA:74,5,0,5
BRDA:75,6,0,1
BRDA:78,7,0,4
BRDA:78,8,0,2
BRDA:85,9,0,7
BRDA:93,10,0,15
BRDA:103,11,0,3
BRDA:104,12,0,1
BRDA:108,13,0,2
BRF:14
BRH:14
DA:1,0
DA:2,0
DA:3,1
DA:4,1
DA:5,1
DA:6,1
DA:7,1
DA:8,1
DA:9,1
DA:10,1
DA:11,1
DA:12,1
DA:13,1
DA:14,1
DA:15,1
DA:16,1
DA:17,1
DA:18,1
DA:19,1
DA:20,1
DA:21,1
DA:22,1
DA:23,1
DA:24,1
DA:25,1
DA:26,1
DA:27,1
DA:28,1
DA:29,1
DA:30,1
DA:31,1
DA:32,1
DA:33,1
DA:34,1
DA:35,1
DA:36,1
DA:37,1
DA:38,1
DA:39,1
DA:40,1
DA:41,1
DA:42,1
DA:43,1
DA:44,1
DA:45,1
DA:46,11
DA:47,11
DA:48,11
DA:49,11
DA:50,11
DA:51,11
DA:52,11
DA:53,1
DA:54,1
DA:55,1
DA:56,1
DA:57,1
DA:58,1
DA:59,1
DA:60,1
DA:61,1
DA:62,1
DA:63,1
DA:64,1
DA:65,1
DA:66,1
DA:67,1
DA:68,1
DA:69,1
DA:70,1
DA:71,1
DA:72,10
DA:73,10
DA:74,10
DA:75,5
DA:76,1
DA:77,1
DA:78,5
DA:79,2
DA:80,2
DA:81,2
DA:82,2
DA:83,5
DA:84,10
DA:85,10
DA:86,7
DA:87,7
DA:88,10
DA:89,10
DA:90,10
DA:91,10
DA:92,10
DA:93,10
DA:94,15
DA:95,15
DA:96,10
DA:97,1
DA:98,1
DA:99,1
DA:100,1
DA:101,1
DA:102,1
DA:103,1
DA:104,3
DA:105,1
DA:106,1
DA:107,3
DA:108,3
DA:109,3
DA:110,1
LH:108
LF:110
end_of_record
SF:src/format/json.ts
FN:3,json
FN:5,anonymous_1
FN:6,anonymous_2
FNDA:8,json
FNDA:13,anonymous_1
FNDA:12,anonymous_2
FNF:3
FNH:3
BRDA:3,0,0,1
BRDA:3,1,0,8
BRDA:5,2,0,13
BRDA:6,3,0,12
BRF:4
BRH:4
DA:1,0
DA:2,1
DA:3,8
DA:4,8
DA:5,8
DA:6,8
DA:7,8
DA:8,8
LH:7
LF:8
end_of_record
SF:src/format/noop.ts
FN:3,noop
FN:5,anonymous_1
FN:6,anonymous_2
FNDA:2,noop
FNDA:2,anonymous_1
FNDA:2,anonymous_2
FNF:3
FNH:3
BRDA:3,0,0,1
BRDA:3,1,0,2
BRDA:5,2,0,2
BRDA:6,3,0,2
BRF:4
BRH:4
DA:1,0
DA:2,1
DA:3,2
DA:4,2
DA:5,2
DA:6,2
DA:7,2
DA:8,2
LH:7
LF:8
end_of_record
SF:src/item.ts
FN:17,<instance_members_initializer>
FN:17,<static_initializer>
FN:32,CacheItem
FN:45,#reload
FN:46,anonymous_4
FN:53,get
FN:74,invalidate
FNDA:10,<instance_members_initializer>
FNDA:1,<static_initializer>
FNDA:10,CacheItem
FNDA:14,#reload
FNDA:14,anonymous_4
FNDA:15,get
FNDA:2,invalidate
FNF:7
FNH:7
BRDA:1,0,0,1
BRDA:17,1,0,10
BRDA:17,2,0,1
BRDA:32,3,0,10
BRDA:40,4,0,2
BRDA:45,5,0,14
BRDA:46,6,0,14
BRDA:49,7,0,2
BRDA:49,8,0,12
BRDA:53,9,0,15
BRDA:54,10,0,1
BRDA:54,11,0,1
BRDA:57,12,0,1
BRDA:57,13,0,1
BRDA:64,14,0,9
BRDA:74,15,0,2
BRDA:77,16,0,1
BRF:17
BRH:17
DA:1,1
DA:2,1
DA:3,1
DA:4,1
DA:5,1
DA:6,1
DA:7,1
DA:8,1
DA:9,1
DA:10,1
DA:11,1
DA:12,1
DA:13,1
DA:14,1
DA:15,1
DA:16,1
DA:17,1
DA:18,1
DA:19,1
DA:20,1
DA:21,1
DA:22,1
DA:23,1
DA:24,1
DA:25,1
DA:26,1
DA:27,1
DA:28,1
DA:29,1
DA:30,1
DA:31,1
DA:32,1
DA:33,10
DA:34,10
DA:35,10
DA:36,10
DA:37,10
DA:38,10
DA:39,10
DA:40,10
DA:41,2
DA:42,2
DA:43,10
DA:44,1
DA:45,1
DA:46,14
DA:47,14
DA:48,14
DA:49,14
DA:50,14
DA:51,14
DA:52,1
DA:53,1
DA:54,15
DA:55,1
DA:56,1
DA:57,15
DA:58,1
DA:59,1
DA:60,15
DA:61,15
DA:62,15
DA:63,15
DA:64,15
DA:65,9
DA:66,9
DA:67,9
DA:68,15
DA:69,15
DA:70,15
DA:71,15
DA:72,15
DA:73,1
DA:74,1
DA:75,2
DA:76,2
DA:77,2
DA:78,1
DA:79,1
DA:80,2
DA:81,1
LH:81
LF:81
end_of_record
SF:src/storage/memory.ts
FN:3,<instance_members_initializer>
FN:3,<static_initializer>
FN:6,has
FN:11,get
FN:16,set
FN:21,unset
FNDA:11,<instance_members_initializer>
FNDA:1,<static_initializer>
FNDA:15,has
FNDA:21,get
FNDA:14,set
FNDA:2,unset
FNF:6
FNH:6
BRDA:3,0,0,1
BRDA:3,1,0,11
BRDA:3,2,0,1
BRDA:6,3,0,15
BRDA:11,4,0,21
BRDA:13,5,0,19
BRDA:16,6,0,14
BRDA:21,7,0,2
BRF:8
BRH:8
DA:1,0
DA:2,1
DA:3,1
DA:4,1
DA:5,1
DA:6,1
DA:7,15
DA:8,15
DA:9,15
DA:10,1
DA:11,1
DA:12,21
DA:13,21
DA:14,21
DA:15,1
DA:16,1
DA:17,14
DA:18,14
DA:19,14
DA:20,1
DA:21,1
DA:22,2
DA:23,2
DA:24,2
DA:25,1
LH:24
LF:25
end_of_record
